<?xml version="1.0" encoding="UTF-8"?>
<!-- Generated by org.testng.reporters.JUnitReportReporter -->
<testsuite hostname="Giri" failures="0" tests="1" name="com.selenium.scripts.MCFSampleFormsAllNames" time="4.129" errors="0" timestamp="2024-08-07T17:07:02 IST" skipped="0">
  <testcase classname="com.selenium.scripts.MCFSampleFormsAllNames" name="xpathaxesExamples" time="4.129"/>
</testsuite> <!-- com.selenium.scripts.MCFSampleFormsAllNames -->
