<?xml version="1.0" encoding="UTF-8"?>
<!-- Generated by org.testng.reporters.JUnitReportReporter -->
<testsuite hostname="Giri" failures="0" tests="1" name="com.selenium.scripts.XPathAxesOfAmazonWebsite" time="5.351" errors="0" timestamp="2024-08-04T17:41:24 IST" skipped="0">
  <testcase classname="com.selenium.scripts.XPathAxesOfAmazonWebsite" name="xpathaxesExamples" time="5.351"/>
</testsuite> <!-- com.selenium.scripts.XPathAxesOfAmazonWebsite -->
